2023-01-30 16:09:36.928 [info] Extension host with pid 6652 started
2023-01-30 16:09:37.000 [info] ExtensionService#_doActivateExtension vscode.git-base, startup: true, activationEvent: '*'
2023-01-30 16:09:37.012 [info] ExtensionService#_doActivateExtension vscode.github, startup: true, activationEvent: '*'
2023-01-30 16:09:37.018 [info] Eager extensions activated
2023-01-30 16:09:37.020 [info] ExtensionService#_doActivateExtension vscode.debug-auto-launch, startup: false, activationEvent: 'onStartupFinished'
2023-01-30 16:09:37.021 [info] ExtensionService#_doActivateExtension vscode.emmet, startup: false, activationEvent: 'onStartupFinished'
2023-01-30 16:09:37.021 [info] ExtensionService#_doActivateExtension vscode.merge-conflict, startup: false, activationEvent: 'onStartupFinished'
2023-01-30 16:09:37.915 [info] ExtensionService#_doActivateExtension ms-python.python, startup: false, activationEvent: 'onLanguage:ini'
2023-01-30 16:09:38.170 [error] Activating extension ms-python.python failed due to an error:
2023-01-30 16:09:38.170 [error] Error: Extension 'ms-python.python' CANNOT use API proposal: telemetryLogger.
Its package.json#enabledApiProposals-property declares:  but NOT telemetryLogger.
 The missing proposal MUST be added and you must start in extension development mode or use the following command line switch: --enable-proposed-api ms-python.python
	at m (/usr/lib/code/out/vs/workbench/api/node/extensionHostProcess.js:90:43999)
	at Object.createTelemetryLogger (/usr/lib/code/out/vs/workbench/api/node/extensionHostProcess.js:115:31959)
	at new t.BaseTelemetryReporter (/home/paul/.vscode-oss/extensions/ms-python.python-2022.20.2-universal/out/client/extension.js:2:1130016)
	at new h (/home/paul/.vscode-oss/extensions/ms-python.python-2022.20.2-universal/out/client/extension.js:2:1135154)
	at /home/paul/.vscode-oss/extensions/ms-python.python-2022.20.2-universal/out/client/extension.js:2:695508
	at c (/home/paul/.vscode-oss/extensions/ms-python.python-2022.20.2-universal/out/client/extension.js:2:695584)
	at y.activate (/home/paul/.vscode-oss/extensions/ms-python.python-2022.20.2-universal/out/client/extension.js:2:157230)
	at process.processTicksAndRejections (node:internal/process/task_queues:96:5)
	at async /home/paul/.vscode-oss/extensions/ms-python.python-2022.20.2-universal/out/client/extension.js:2:3096004
	at async e (/home/paul/.vscode-oss/extensions/ms-python.python-2022.20.2-universal/out/client/extension.js:2:3095618)
	at async v.n (/usr/lib/code/out/vs/workbench/api/node/extensionHostProcess.js:92:7006)
	at async v.m (/usr/lib/code/out/vs/workbench/api/node/extensionHostProcess.js:92:6969)
	at async v.l (/usr/lib/code/out/vs/workbench/api/node/extensionHostProcess.js:92:6426)
2023-01-30 16:10:56.457 [info] Extension host terminating: received terminate message from renderer
2023-01-30 16:10:56.463 [info] Extension host with pid 6652 exiting with code 0
